\BOOKMARK [0][-]{chapter*.1}{Abstract}{}% 1
\BOOKMARK [0][-]{chapter*.2}{Acknowledgments}{}% 2
\BOOKMARK [0][-]{chapter*.3}{Table of Contents}{}% 3
\BOOKMARK [0][-]{chapter*.4}{List of Tables}{}% 4
\BOOKMARK [0][-]{chapter*.5}{List of Figures}{}% 5
\BOOKMARK [0][-]{chapter*.5}{List of Abbreviations and Symbols}{}% 6
\BOOKMARK [0][-]{chapter.1}{Introduction \(can be a more descriptive title\)}{}% 7
\BOOKMARK [1][-]{section.1.1}{A section}{chapter.1}% 8
\BOOKMARK [2][-]{subsection.1.1.1}{A subsection about getting organized}{section.1.1}% 9
\BOOKMARK [2][-]{subsection.1.1.2}{Scope}{section.1.1}% 10
\BOOKMARK [1][-]{section.1.2}{Another section}{chapter.1}% 11
\BOOKMARK [2][-]{subsection.1.2.1}{Some technical details}{section.1.2}% 12
\BOOKMARK [0][-]{chapter.2}{Methods}{}% 13
\BOOKMARK [1][-]{section.2.1}{Substrate preparation}{chapter.2}% 14
\BOOKMARK [2][-]{subsection.2.1.1}{Lots of chemicals}{section.2.1}% 15
\BOOKMARK [1][-]{section.2.2}{Atomic Force Microscopy}{chapter.2}% 16
\BOOKMARK [0][-]{chapter.3}{Another chapter}{}% 17
\BOOKMARK [1][-]{section.3.1}{Ground State Degeneracy}{chapter.3}% 18
\BOOKMARK [2][-]{subsection.3.1.1}{Visualization of the Ground State}{section.3.1}% 19
\BOOKMARK [2][-]{subsection.3.1.2}{Planar Ground States}{section.3.1}% 20
\BOOKMARK [0][-]{appendix.A}{Extra spectra}{}% 21
\BOOKMARK [1][-]{section.A.1}{What should go in an appendix?}{appendix.A}% 22
\BOOKMARK [0][-]{section.A.1}{Bibliography}{}% 23
