This is pdfTeX, Version 3.1415926-1.40.10 (TeX Live 2009/Debian) (format=pdflatex 2014.1.28)  18 MAY 2016 09:25
entering extended mode
 %&-line parsing enabled.
**2may16.tex
(./2may16.tex
LaTeX2e <2009/09/24>
Babel <v3.8l> and hyphenation patterns for english, usenglishmax, dumylang, noh
yphenation, loaded.
(/usr/share/texmf-texlive/tex/latex/base/article.cls
Document Class: article 2007/10/19 v1.4h Standard LaTeX document class
(/usr/share/texmf-texlive/tex/latex/base/size10.clo
File: size10.clo 2007/10/19 v1.4h Standard LaTeX file (size option)
)
\c@part=\count79
\c@section=\count80
\c@subsection=\count81
\c@subsubsection=\count82
\c@paragraph=\count83
\c@subparagraph=\count84
\c@figure=\count85
\c@table=\count86
\abovecaptionskip=\skip41
\belowcaptionskip=\skip42
\bibindent=\dimen102
)
(/usr/share/texmf-texlive/tex/latex/geometry/geometry.sty
Package: geometry 2008/12/21 v4.2 Page Geometry

(/usr/share/texmf-texlive/tex/latex/graphics/keyval.sty
Package: keyval 1999/03/16 v1.13 key=value parser (DPC)
\KV@toks@=\toks14
)
(/usr/share/texmf-texlive/tex/generic/oberdiek/ifpdf.sty
Package: ifpdf 2009/04/10 v2.0 Provides the ifpdf switch (HO)
Package ifpdf Info: pdfTeX in pdf mode detected.
)
(/usr/share/texmf-texlive/tex/generic/oberdiek/ifvtex.sty
Package: ifvtex 2008/11/04 v1.4 Switches for detecting VTeX and its modes (HO)
Package ifvtex Info: VTeX not detected.
)
\Gm@cnth=\count87
\Gm@cntv=\count88
\c@Gm@tempcnt=\count89
\Gm@bindingoffset=\dimen103
\Gm@wd@mp=\dimen104
\Gm@odd@mp=\dimen105
\Gm@even@mp=\dimen106
\Gm@dimlist=\toks15
)
(/usr/share/texmf/tex/latex/xcolor/xcolor.sty
Package: xcolor 2007/01/21 v2.11 LaTeX color extensions (UK)

(/etc/texmf/tex/latex/config/color.cfg
File: color.cfg 2007/01/18 v1.5 color configuration of teTeX/TeXLive
)
Package xcolor Info: Driver file: pdftex.def on input line 225.

(/usr/share/texmf-texlive/tex/latex/pdftex-def/pdftex.def
File: pdftex.def 2010/03/12 v0.04p Graphics/color for pdfTeX
\Gread@gobject=\count90
)
Package xcolor Info: Model `cmy' substituted by `cmy0' on input line 1337.
Package xcolor Info: Model `hsb' substituted by `rgb' on input line 1341.
Package xcolor Info: Model `RGB' extended on input line 1353.
Package xcolor Info: Model `HTML' substituted by `rgb' on input line 1355.
Package xcolor Info: Model `Hsb' substituted by `hsb' on input line 1356.
Package xcolor Info: Model `tHsb' substituted by `hsb' on input line 1357.
Package xcolor Info: Model `HSB' substituted by `hsb' on input line 1358.
Package xcolor Info: Model `Gray' substituted by `gray' on input line 1359.
Package xcolor Info: Model `wave' substituted by `hsb' on input line 1360.
)
(/usr/share/texmf-texlive/tex/latex/graphics/graphicx.sty
Package: graphicx 1999/02/16 v1.0f Enhanced LaTeX Graphics (DPC,SPQR)

(/usr/share/texmf-texlive/tex/latex/graphics/graphics.sty
Package: graphics 2009/02/05 v1.0o Standard LaTeX Graphics (DPC,SPQR)

(/usr/share/texmf-texlive/tex/latex/graphics/trig.sty
Package: trig 1999/03/16 v1.09 sin cos tan (DPC)
)
(/etc/texmf/tex/latex/config/graphics.cfg
File: graphics.cfg 2009/08/28 v1.8 graphics configuration of TeX Live
)
Package graphics Info: Driver file: pdftex.def on input line 91.
)
\Gin@req@height=\dimen107
\Gin@req@width=\dimen108
)
(/usr/share/texmf-texlive/tex/latex/float/float.sty
Package: float 2001/11/08 v1.3d Float enhancements (AL)
\c@float@type=\count91
\float@exts=\toks16
\float@box=\box26
\@float@everytoks=\toks17
\@floatcapt=\box27
)
(/usr/share/texmf-texlive/tex/latex/graphics/lscape.sty
Package: lscape 2000/10/22 v3.01 Landscape Pages (DPC)
)
(/usr/share/texmf-texlive/tex/latex/listings/listings.sty
\lst@mode=\count92
\lst@gtempboxa=\box28
\lst@token=\toks18
\lst@length=\count93
\lst@currlwidth=\dimen109
\lst@column=\count94
\lst@pos=\count95
\lst@lostspace=\dimen110
\lst@width=\dimen111
\lst@newlines=\count96
\lst@lineno=\count97
\lst@maxwidth=\dimen112

(/usr/share/texmf-texlive/tex/latex/listings/lstmisc.sty
File: lstmisc.sty 2007/02/22 1.4 (Carsten Heinz)
\c@lstnumber=\count98
\lst@skipnumbers=\count99
\lst@framebox=\box29
)
(/usr/share/texmf-texlive/tex/latex/listings/listings.cfg
File: listings.cfg 2007/02/22 1.4 listings configuration
))
Package: listings 2007/02/22 1.4 (Carsten Heinz)

(/usr/share/texmf-texlive/tex/latex/lipsum/lipsum.sty
Package: lipsum 2005/01/26 v1.0 150 paragraphs of Lorem Ipsum dummy text
File: lipsum.dtx 2005/01/26 v1.0 150 paragraphs of Lorem Ipsum dummy text
\c@lips@count=\count100
)
(/usr/share/texmf-texlive/tex/latex/listings/lstlang1.sty
File: lstlang1.sty 2004/09/05 1.3 listings language file
) (./2may16.aux)
\openout1 = `2may16.aux'.

LaTeX Font Info:    Checking defaults for OML/cmm/m/it on input line 31.
LaTeX Font Info:    ... okay on input line 31.
LaTeX Font Info:    Checking defaults for T1/cmr/m/n on input line 31.
LaTeX Font Info:    ... okay on input line 31.
LaTeX Font Info:    Checking defaults for OT1/cmr/m/n on input line 31.
LaTeX Font Info:    ... okay on input line 31.
LaTeX Font Info:    Checking defaults for OMS/cmsy/m/n on input line 31.
LaTeX Font Info:    ... okay on input line 31.
LaTeX Font Info:    Checking defaults for OMX/cmex/m/n on input line 31.
LaTeX Font Info:    ... okay on input line 31.
LaTeX Font Info:    Checking defaults for U/cmr/m/n on input line 31.
LaTeX Font Info:    ... okay on input line 31.

*geometry auto-detecting driver*
*geometry detected driver: pdftex*
-------------------- Geometry parameters
paper: class default
landscape: --
twocolumn: --
twoside: --
asymmetric: --
h-parts: 92.14519pt, 0.7\paperwidth , 92.14519pt (default)
v-parts: 95.39737pt, 0.7\paperheight , 143.09605pt (default)
hmarginratio: 1:1
vmarginratio: 2:3
lines: --
heightrounded: --
bindingoffset: 0.0pt
truedimen: --
includehead: --
includefoot: --
includemp: --
driver: pdftex
-------------------- Page layout dimensions and switches
\paperwidth  614.295pt
\paperheight 794.96999pt
\textwidth  430.00462pt
\textheight 556.47656pt
\oddsidemargin  19.8752pt
\evensidemargin 19.8752pt
\topmargin  -13.87262pt
\headheight 12.0pt
\headsep    25.0pt
\footskip   30.0pt
\marginparwidth 65.0pt
\marginparsep   11.0pt
\columnsep  10.0pt
\skip\footins  9.0pt plus 4.0pt minus 2.0pt
\hoffset 0.0pt
\voffset 0.0pt
\mag 1000

(1in=72.27pt, 1cm=28.45pt)
-----------------------
(/usr/share/texmf-texlive/tex/context/base/supp-pdf.mkii
[Loading MPS to PDF converter (version 2006.09.02).]
\scratchcounter=\count101
\scratchdimen=\dimen113
\scratchbox=\box30
\nofMPsegments=\count102
\nofMParguments=\count103
\everyMPshowfont=\toks19
\MPscratchCnt=\count104
\MPscratchDim=\dimen114
\MPnumerator=\count105
\everyMPtoPDFconversion=\toks20
)
\c@lstlisting=\count106
LaTeX Font Info:    Try loading font information for OMS+cmr on input line 67.
 (/usr/share/texmf-texlive/tex/latex/base/omscmr.fd
File: omscmr.fd 1999/05/25 v2.5h Standard LaTeX font definitions
)
LaTeX Font Info:    Font shape `OMS/cmr/m/n' in size <12> not available
(Font)              Font shape `OMS/cmsy/m/n' tried instead on input line 67.
 [1

{/var/lib/texmf/fonts/map/pdftex/updmap/pdftex.map}] <E000to005G.png, id=9, 642
.4pt x 481.8pt>
File: E000to005G.png Graphic file (type png)

<use E000to005G.png> <M000to005G.png, id=10, 642.4pt x 481.8pt>
File: M000to005G.png Graphic file (type png)

<use M000to005G.png> <001S000to005G.png, id=11, 361.35pt x 361.35pt>
File: 001S000to005G.png Graphic file (type png)

<use 001S000to005G.png> <041S000to005G.png, id=12, 361.35pt x 361.35pt>
File: 041S000to005G.png Graphic file (type png)

<use 041S000to005G.png> <056S000to005G.png, id=13, 361.35pt x 361.35pt>
File: 056S000to005G.png Graphic file (type png)

<use 056S000to005G.png> <501S000to005G.png, id=14, 361.35pt x 361.35pt>
File: 501S000to005G.png Graphic file (type png)

<use 501S000to005G.png> [2 <./E000to005G.png (PNG copy)> <./M000to005G.png (PNG
 copy)> <./001S000to005G.png (PNG copy)> <./041S000to005G.png (PNG copy)> <./05
6S000to005G.png (PNG copy)> <./501S000to005G.png (PNG copy)>]
<azim000to005G.png, id=21, 642.4pt x 481.8pt>
File: azim000to005G.png Graphic file (type png)
 <use azim000to005G.png>
<zen000to005G.png, id=22, 642.4pt x 481.8pt>
File: zen000to005G.png Graphic file (type png)
 <use zen000to005G.png>
<000to005SpinChart.png, id=23, 657.2053pt x 527.72156pt>
File: 000to005SpinChart.png Graphic file (type png)

<use 000to005SpinChart.png>
Overfull \hbox (30.03595pt too wide) in paragraph at lines 114--115
 [][] 
 []

[3 <./000to005SpinChart.png (PNG copy)>] [4 <./azim000to005G.png (PNG copy)> <.
/zen000to005G.png (PNG copy)>] <E005to000G.png, id=32, 642.4pt x 481.8pt>
File: E005to000G.png Graphic file (type png)

<use E005to000G.png> <M005to000G.png, id=33, 642.4pt x 481.8pt>
File: M005to000G.png Graphic file (type png)

<use M005to000G.png> <001S005to000G.png, id=34, 361.35pt x 361.35pt>
File: 001S005to000G.png Graphic file (type png)

<use 001S005to000G.png> <214S005to000G.png, id=35, 361.35pt x 361.35pt>
File: 214S005to000G.png Graphic file (type png)

<use 214S005to000G.png> <372S005to000G.png, id=36, 361.35pt x 361.35pt>
File: 372S005to000G.png Graphic file (type png)

<use 372S005to000G.png> <501S005to000G.png, id=37, 361.35pt x 361.35pt>
File: 501S005to000G.png Graphic file (type png)

<use 501S005to000G.png> <azim005to000G.png, id=38, 642.4pt x 481.8pt>
File: azim005to000G.png Graphic file (type png)

<use azim005to000G.png> <zen005to000G.png, id=39, 642.4pt x 481.8pt>
File: zen005to000G.png Graphic file (type png)

<use zen005to000G.png> [5 <./E005to000G.png (PNG copy)> <./M005to000G.png (PNG 
copy)> <./001S005to000G.png (PNG copy)> <./214S005to000G.png (PNG copy)> <./372
S005to000G.png (PNG copy)> <./501S005to000G.png (PNG copy)>]
<005to000SpinChart.png, id=45, 663.22781pt x 539.76656pt>
File: 005to000SpinChart.png Graphic file (type png)

<use 005to000SpinChart.png>
Overfull \hbox (34.25168pt too wide) in paragraph at lines 150--152
 [] 
 []

[6 <./005to000SpinChart.png (PNG copy)>] [7 <./azim005to000G.png (PNG copy)> <.
/zen005to000G.png (PNG copy)>] <E000to005R.png, id=55, 642.4pt x 481.8pt>
File: E000to005R.png Graphic file (type png)

<use E000to005R.png> <M000to005R.png, id=56, 642.4pt x 481.8pt>
File: M000to005R.png Graphic file (type png)

<use M000to005R.png> <001S000to005R.png, id=57, 361.35pt x 361.35pt>
File: 001S000to005R.png Graphic file (type png)

<use 001S000to005R.png> <033S000to005R.png, id=58, 361.35pt x 361.35pt>
File: 033S000to005R.png Graphic file (type png)

<use 033S000to005R.png> <041S000to005R.png, id=59, 361.35pt x 361.35pt>
File: 041S000to005R.png Graphic file (type png)

<use 041S000to005R.png> <069S000to005R.png, id=60, 361.35pt x 361.35pt>
File: 069S000to005R.png Graphic file (type png)

<use 069S000to005R.png> <501S000to005R.png, id=61, 361.35pt x 361.35pt>
File: 501S000to005R.png Graphic file (type png)

<use 501S000to005R.png> <azim000to005R.png, id=62, 642.4pt x 481.8pt>
File: azim000to005R.png Graphic file (type png)

<use azim000to005R.png> <zen000to005R.png, id=63, 642.4pt x 481.8pt>
File: zen000to005R.png Graphic file (type png)

<use zen000to005R.png> [8 <./E000to005R.png (PNG copy)> <./M000to005R.png (PNG 
copy)> <./001S000to005R.png (PNG copy)> <./033S000to005R.png (PNG copy)> <./041
S000to005R.png (PNG copy)> <./069S000to005R.png (PNG copy)> <./501S000to005R.pn
g (PNG copy)>] [9 <./azim000to005R.png (PNG copy)> <./zen000to005R.png (PNG cop
y)>] <000to005RSpinChart.png, id=74, 657.2053pt x 538.26094pt>
File: 000to005RSpinChart.png Graphic file (type png)

<use 000to005RSpinChart.png>
Overfull \hbox (30.03595pt too wide) in paragraph at lines 190--192
 [] 
 []

[10 <./000to005RSpinChart.png (PNG copy)>]
<E005to000R.png, id=78, 642.4pt x 481.8pt>
File: E005to000R.png Graphic file (type png)
 <use E005to000R.png>
<M005to000R.png, id=79, 642.4pt x 481.8pt>
File: M005to000R.png Graphic file (type png)
 <use M005to000R.png>
<001S005to000R.png, id=80, 361.35pt x 361.35pt>
File: 001S005to000R.png Graphic file (type png)
 <use 001S005to000R.png>
<172S005to000R.png, id=81, 361.35pt x 361.35pt>
File: 172S005to000R.png Graphic file (type png)
 <use 172S005to000R.png>
<325S005to000R.png, id=82, 361.35pt x 361.35pt>
File: 325S005to000R.png Graphic file (type png)
 <use 325S005to000R.png>
<501S005to000R.png, id=83, 361.35pt x 361.35pt>
File: 501S005to000R.png Graphic file (type png)
 <use 501S005to000R.png>
[11 <./E005to000R.png (PNG copy)> <./M005to000R.png (PNG copy)> <./001S005to000
R.png (PNG copy)> <./172S005to000R.png (PNG copy)> <./325S005to000R.png (PNG co
py)> <./501S005to000R.png (PNG copy)>]
<azim005to000R.png, id=89, 642.4pt x 481.8pt>
File: azim005to000R.png Graphic file (type png)
 <use azim005to000R.png>
<zen005to000R.png, id=90, 642.4pt x 481.8pt>
File: zen005to000R.png Graphic file (type png)
 <use zen005to000R.png>
<005to000RSpinChart.png, id=91, 679.78969pt x 527.72156pt>
File: 005to000RSpinChart.png Graphic file (type png)

<use 005to000RSpinChart.png>
Overfull \hbox (45.84491pt too wide) in paragraph at lines 232--234
 [] 
 []

[12 <./005to000RSpinChart.png (PNG copy)>] [13 <./azim005to000R.png (PNG copy)>
 <./zen005to000R.png (PNG copy)>]
(/usr/share/texmf-texlive/tex/latex/listings/lstlang1.sty
File: lstlang1.sty 2004/09/05 1.3 listings language file
)
(/usr/share/texmf-texlive/tex/latex/listings/lstlang1.sty
File: lstlang1.sty 2004/09/05 1.3 listings language file
) [14] [15] [16]
[17] [18] [19] (./2may16.aux) ) 
Here is how much of TeX's memory you used:
 3704 strings out of 495061
 50322 string characters out of 1182621
 321385 words of memory out of 3000000
 6845 multiletter control sequences out of 15000+50000
 6180 words of font info for 23 fonts, out of 3000000 for 9000
 28 hyphenation exceptions out of 8191
 28i,8n,45p,304b,1565s stack positions out of 5000i,500n,10000p,200000b,50000s
</usr/share/texmf-texlive/fonts/type1/public/ams
fonts/cm/cmbx10.pfb></usr/share/texmf-texlive/fonts/type1/public/amsfonts/cm/cm
bx12.pfb></usr/share/texmf-texlive/fonts/type1/public/amsfonts/cm/cmr10.pfb></u
sr/share/texmf-texlive/fonts/type1/public/amsfonts/cm/cmr12.pfb></usr/share/tex
mf-texlive/fonts/type1/public/amsfonts/cm/cmr17.pfb></usr/share/texmf-texlive/f
onts/type1/public/amsfonts/cm/cmsy10.pfb></usr/share/texmf-texlive/fonts/type1/
public/amsfonts/cm/cmtt9.pfb>
Output written on 2may16.pdf (19 pages, 637626 bytes).
PDF statistics:
 145 PDF objects out of 1000 (max. 8388607)
 0 named destinations out of 1000 (max. 500000)
 186 words of extra memory for PDF output out of 10000 (max. 10000000)

