This is pdfTeX, Version 3.1415926-1.40.10 (TeX Live 2009/Debian) (format=pdflatex 2014.1.28)  31 MAY 2016 11:03
entering extended mode
 %&-line parsing enabled.
**5may16(100).tex
(./5may16(100).tex
LaTeX2e <2009/09/24>
Babel <v3.8l> and hyphenation patterns for english, usenglishmax, dumylang, noh
yphenation, loaded.
(/usr/share/texmf-texlive/tex/latex/base/article.cls
Document Class: article 2007/10/19 v1.4h Standard LaTeX document class
(/usr/share/texmf-texlive/tex/latex/base/size10.clo
File: size10.clo 2007/10/19 v1.4h Standard LaTeX file (size option)
)
\c@part=\count79
\c@section=\count80
\c@subsection=\count81
\c@subsubsection=\count82
\c@paragraph=\count83
\c@subparagraph=\count84
\c@figure=\count85
\c@table=\count86
\abovecaptionskip=\skip41
\belowcaptionskip=\skip42
\bibindent=\dimen102
)
(/usr/share/texmf-texlive/tex/latex/geometry/geometry.sty
Package: geometry 2008/12/21 v4.2 Page Geometry

(/usr/share/texmf-texlive/tex/latex/graphics/keyval.sty
Package: keyval 1999/03/16 v1.13 key=value parser (DPC)
\KV@toks@=\toks14
)
(/usr/share/texmf-texlive/tex/generic/oberdiek/ifpdf.sty
Package: ifpdf 2009/04/10 v2.0 Provides the ifpdf switch (HO)
Package ifpdf Info: pdfTeX in pdf mode detected.
)
(/usr/share/texmf-texlive/tex/generic/oberdiek/ifvtex.sty
Package: ifvtex 2008/11/04 v1.4 Switches for detecting VTeX and its modes (HO)
Package ifvtex Info: VTeX not detected.
)
\Gm@cnth=\count87
\Gm@cntv=\count88
\c@Gm@tempcnt=\count89
\Gm@bindingoffset=\dimen103
\Gm@wd@mp=\dimen104
\Gm@odd@mp=\dimen105
\Gm@even@mp=\dimen106
\Gm@dimlist=\toks15
)
(/usr/share/texmf/tex/latex/xcolor/xcolor.sty
Package: xcolor 2007/01/21 v2.11 LaTeX color extensions (UK)

(/etc/texmf/tex/latex/config/color.cfg
File: color.cfg 2007/01/18 v1.5 color configuration of teTeX/TeXLive
)
Package xcolor Info: Driver file: pdftex.def on input line 225.

(/usr/share/texmf-texlive/tex/latex/pdftex-def/pdftex.def
File: pdftex.def 2010/03/12 v0.04p Graphics/color for pdfTeX
\Gread@gobject=\count90
)
Package xcolor Info: Model `cmy' substituted by `cmy0' on input line 1337.
Package xcolor Info: Model `hsb' substituted by `rgb' on input line 1341.
Package xcolor Info: Model `RGB' extended on input line 1353.
Package xcolor Info: Model `HTML' substituted by `rgb' on input line 1355.
Package xcolor Info: Model `Hsb' substituted by `hsb' on input line 1356.
Package xcolor Info: Model `tHsb' substituted by `hsb' on input line 1357.
Package xcolor Info: Model `HSB' substituted by `hsb' on input line 1358.
Package xcolor Info: Model `Gray' substituted by `gray' on input line 1359.
Package xcolor Info: Model `wave' substituted by `hsb' on input line 1360.
)
(/usr/share/texmf-texlive/tex/latex/graphics/graphicx.sty
Package: graphicx 1999/02/16 v1.0f Enhanced LaTeX Graphics (DPC,SPQR)

(/usr/share/texmf-texlive/tex/latex/graphics/graphics.sty
Package: graphics 2009/02/05 v1.0o Standard LaTeX Graphics (DPC,SPQR)

(/usr/share/texmf-texlive/tex/latex/graphics/trig.sty
Package: trig 1999/03/16 v1.09 sin cos tan (DPC)
)
(/etc/texmf/tex/latex/config/graphics.cfg
File: graphics.cfg 2009/08/28 v1.8 graphics configuration of TeX Live
)
Package graphics Info: Driver file: pdftex.def on input line 91.
)
\Gin@req@height=\dimen107
\Gin@req@width=\dimen108
)
(/usr/share/texmf-texlive/tex/latex/float/float.sty
Package: float 2001/11/08 v1.3d Float enhancements (AL)
\c@float@type=\count91
\float@exts=\toks16
\float@box=\box26
\@float@everytoks=\toks17
\@floatcapt=\box27
)
(/usr/share/texmf-texlive/tex/latex/graphics/lscape.sty
Package: lscape 2000/10/22 v3.01 Landscape Pages (DPC)
)
(/usr/share/texmf-texlive/tex/latex/listings/listings.sty
\lst@mode=\count92
\lst@gtempboxa=\box28
\lst@token=\toks18
\lst@length=\count93
\lst@currlwidth=\dimen109
\lst@column=\count94
\lst@pos=\count95
\lst@lostspace=\dimen110
\lst@width=\dimen111
\lst@newlines=\count96
\lst@lineno=\count97
\lst@maxwidth=\dimen112

(/usr/share/texmf-texlive/tex/latex/listings/lstmisc.sty
File: lstmisc.sty 2007/02/22 1.4 (Carsten Heinz)
\c@lstnumber=\count98
\lst@skipnumbers=\count99
\lst@framebox=\box29
)
(/usr/share/texmf-texlive/tex/latex/listings/listings.cfg
File: listings.cfg 2007/02/22 1.4 listings configuration
))
Package: listings 2007/02/22 1.4 (Carsten Heinz)

(/usr/share/texmf-texlive/tex/latex/lipsum/lipsum.sty
Package: lipsum 2005/01/26 v1.0 150 paragraphs of Lorem Ipsum dummy text
File: lipsum.dtx 2005/01/26 v1.0 150 paragraphs of Lorem Ipsum dummy text
\c@lips@count=\count100
)
(/usr/share/texmf-texlive/tex/latex/listings/lstlang1.sty
File: lstlang1.sty 2004/09/05 1.3 listings language file
) (./5may16(100).aux)
\openout1 = `5may16(100).aux'.

LaTeX Font Info:    Checking defaults for OML/cmm/m/it on input line 31.
LaTeX Font Info:    ... okay on input line 31.
LaTeX Font Info:    Checking defaults for T1/cmr/m/n on input line 31.
LaTeX Font Info:    ... okay on input line 31.
LaTeX Font Info:    Checking defaults for OT1/cmr/m/n on input line 31.
LaTeX Font Info:    ... okay on input line 31.
LaTeX Font Info:    Checking defaults for OMS/cmsy/m/n on input line 31.
LaTeX Font Info:    ... okay on input line 31.
LaTeX Font Info:    Checking defaults for OMX/cmex/m/n on input line 31.
LaTeX Font Info:    ... okay on input line 31.
LaTeX Font Info:    Checking defaults for U/cmr/m/n on input line 31.
LaTeX Font Info:    ... okay on input line 31.

*geometry auto-detecting driver*
*geometry detected driver: pdftex*
-------------------- Geometry parameters
paper: class default
landscape: --
twocolumn: --
twoside: --
asymmetric: --
h-parts: 92.14519pt, 0.7\paperwidth , 92.14519pt (default)
v-parts: 95.39737pt, 0.7\paperheight , 143.09605pt (default)
hmarginratio: 1:1
vmarginratio: 2:3
lines: --
heightrounded: --
bindingoffset: 0.0pt
truedimen: --
includehead: --
includefoot: --
includemp: --
driver: pdftex
-------------------- Page layout dimensions and switches
\paperwidth  614.295pt
\paperheight 794.96999pt
\textwidth  430.00462pt
\textheight 556.47656pt
\oddsidemargin  19.8752pt
\evensidemargin 19.8752pt
\topmargin  -13.87262pt
\headheight 12.0pt
\headsep    25.0pt
\footskip   30.0pt
\marginparwidth 65.0pt
\marginparsep   11.0pt
\columnsep  10.0pt
\skip\footins  9.0pt plus 4.0pt minus 2.0pt
\hoffset 0.0pt
\voffset 0.0pt
\mag 1000

(1in=72.27pt, 1cm=28.45pt)
-----------------------
(/usr/share/texmf-texlive/tex/context/base/supp-pdf.mkii
[Loading MPS to PDF converter (version 2006.09.02).]
\scratchcounter=\count101
\scratchdimen=\dimen113
\scratchbox=\box30
\nofMPsegments=\count102
\nofMParguments=\count103
\everyMPshowfont=\toks19
\MPscratchCnt=\count104
\MPscratchDim=\dimen114
\MPnumerator=\count105
\everyMPtoPDFconversion=\toks20
)
\c@lstlisting=\count106
LaTeX Font Info:    Try loading font information for OMS+cmr on input line 67.
 (/usr/share/texmf-texlive/tex/latex/base/omscmr.fd
File: omscmr.fd 1999/05/25 v2.5h Standard LaTeX font definitions
)
LaTeX Font Info:    Font shape `OMS/cmr/m/n' in size <12> not available
(Font)              Font shape `OMS/cmsy/m/n' tried instead on input line 67.
LaTeX Font Info:    External font `cmex10' loaded for size
(Font)              <12> on input line 72.
LaTeX Font Info:    External font `cmex10' loaded for size
(Font)              <8> on input line 72.
LaTeX Font Info:    External font `cmex10' loaded for size
(Font)              <6> on input line 72.
 [1

{/var/lib/texmf/fonts/map/pdftex/updmap/pdftex.map}] <E000to005G.png, id=11, 64
2.4pt x 481.8pt>
File: E000to005G.png Graphic file (type png)

<use E000to005G.png> <M000to005G.png, id=12, 642.4pt x 481.8pt>
File: M000to005G.png Graphic file (type png)

<use M000to005G.png> <001S000to005G.png, id=13, 361.35pt x 361.35pt>
File: 001S000to005G.png Graphic file (type png)

<use 001S000to005G.png> <041S000to005G.png, id=14, 361.35pt x 361.35pt>
File: 041S000to005G.png Graphic file (type png)

<use 041S000to005G.png> <064S000to005G.png, id=15, 361.35pt x 361.35pt>
File: 064S000to005G.png Graphic file (type png)

<use 064S000to005G.png> <455S000to005G.png, id=16, 361.35pt x 361.35pt>
File: 455S000to005G.png Graphic file (type png)

<use 455S000to005G.png> <471S000to005G.png, id=17, 361.35pt x 361.35pt>
File: 471S000to005G.png Graphic file (type png)

<use 471S000to005G.png> <501S000to005G.png, id=18, 361.35pt x 361.35pt>
File: 501S000to005G.png Graphic file (type png)

<use 501S000to005G.png> <000to005dots.png, id=19, 642.4pt x 481.8pt>
File: 000to005dots.png Graphic file (type png)

<use 000to005dots.png> <000to005Freq.png, id=20, 642.4pt x 481.8pt>
File: 000to005Freq.png Graphic file (type png)

<use 000to005Freq.png>
LaTeX Font Info:    External font `cmex10' loaded for size
(Font)              <7> on input line 111.
LaTeX Font Info:    External font `cmex10' loaded for size
(Font)              <5> on input line 111.
 [2 <./E000to005G.png (PNG copy)> <./M000to005G.png (PNG copy)> <./001S000to005
G.png (PNG copy)> <./041S000to005G.png (PNG copy)> <./064S000to005G.png (PNG co
py)> <./455S000to005G.png (PNG copy)> <./471S000to005G.png (PNG copy)> <./501S0
00to005G.png (PNG copy)>] [3 <./000to005dots.png (PNG copy)> <./000to005Freq.pn
g (PNG copy)>]
<E005to000G.png, id=34, 642.4pt x 481.8pt>
File: E005to000G.png Graphic file (type png)
 <use E005to000G.png>
<M005to000G.png, id=35, 642.4pt x 481.8pt>
File: M005to000G.png Graphic file (type png)
 <use M005to000G.png>
<001S005to000G.png, id=36, 361.35pt x 361.35pt>
File: 001S005to000G.png Graphic file (type png)
 <use 001S005to000G.png>
<54S005to000G.png, id=37, 361.35pt x 361.35pt>
File: 54S005to000G.png Graphic file (type png)
 <use 54S005to000G.png>
<055S005to000G.png, id=38, 361.35pt x 361.35pt>
File: 055S005to000G.png Graphic file (type png)
 <use 055S005to000G.png>
<056S005to000G.png, id=39, 361.35pt x 361.35pt>
File: 056S005to000G.png Graphic file (type png)
 <use 056S005to000G.png>
<255S005to000G.png, id=40, 361.35pt x 361.35pt>
File: 255S005to000G.png Graphic file (type png)
 <use 255S005to000G.png>
<501S005to000G.png, id=41, 361.35pt x 361.35pt>
File: 501S005to000G.png Graphic file (type png)
 <use 501S005to000G.png>
<005to000dots.png, id=42, 642.4pt x 481.8pt>
File: 005to000dots.png Graphic file (type png)
 <use 005to000dots.png>
<005to000Freq.png, id=43, 642.4pt x 481.8pt>
File: 005to000Freq.png Graphic file (type png)
 <use 005to000Freq.png> [4 <./E005to000G.png (PNG copy)> <./M005to000G.png (PNG
 copy)> <./001S005to000G.png (PNG copy)> <./54S005to000G.png (PNG copy)> <./055
S005to000G.png (PNG copy)> <./056S005to000G.png (PNG copy)> <./255S005to000G.pn
g (PNG copy)> <./501S005to000G.png (PNG copy)>] [5 <./005to000dots.png (PNG cop
y)> <./005to000Freq.png (PNG copy)>]
! Too many }'s.
l.163 state.}
             
You've closed more groups than you opened.
Such booboos are generally harmless, so keep going.

<E000to005R.png, id=54, 642.4pt x 481.8pt>
File: E000to005R.png Graphic file (type png)
 <use E000to005R.png>
<M000to005R.png, id=55, 642.4pt x 481.8pt>
File: M000to005R.png Graphic file (type png)
 <use M000to005R.png>
<001S000to005R.png, id=56, 361.35pt x 361.35pt>
File: 001S000to005R.png Graphic file (type png)
 <use 001S000to005R.png>
<002S000to005R.png, id=57, 361.35pt x 361.35pt>
File: 002S000to005R.png Graphic file (type png)
 <use 002S000to005R.png>
<047S000to005R.png, id=58, 361.35pt x 361.35pt>
File: 047S000to005R.png Graphic file (type png)
 <use 047S000to005R.png>
<052S000to005R.png, id=59, 361.35pt x 361.35pt>
File: 052S000to005R.png Graphic file (type png)
 <use 052S000to005R.png>
<054S000to005R.png, id=60, 361.35pt x 361.35pt>
File: 054S000to005R.png Graphic file (type png)
 <use 054S000to005R.png>
<057S000to005R.png, id=61, 361.35pt x 361.35pt>
File: 057S000to005R.png Graphic file (type png)
 <use 057S000to005R.png>
<067S000to005R.png, id=62, 361.35pt x 361.35pt>
File: 067S000to005R.png Graphic file (type png)
 <use 067S000to005R.png>
<430S000to005R.png, id=63, 361.35pt x 361.35pt>
File: 430S000to005R.png Graphic file (type png)
 <use 430S000to005R.png>
<466S000to005R.png, id=64, 361.35pt x 361.35pt>
File: 466S000to005R.png Graphic file (type png)
 <use 466S000to005R.png>
<501S000to005R.png, id=65, 361.35pt x 361.35pt>
File: 501S000to005R.png Graphic file (type png)
 <use 501S000to005R.png>
<000to005Rdots.png, id=66, 642.4pt x 481.8pt>
File: 000to005Rdots.png Graphic file (type png)
 <use 000to005Rdots.png>
<000to005RFreq.png, id=67, 642.4pt x 481.8pt>
File: 000to005RFreq.png Graphic file (type png)
 <use 000to005RFreq.png> [6 <./E000to005R.png (PNG copy)> <./M000to005R.png (PN
G copy)> <./001S000to005R.png (PNG copy)> <./002S000to005R.png (PNG copy)> <./0
47S000to005R.png (PNG copy)> <./052S000to005R.png (PNG copy)> <./054S000to005R.
png (PNG copy)> <./057S000to005R.png (PNG copy)> <./067S000to005R.png (PNG copy
)> <./430S000to005R.png (PNG copy)> <./466S000to005R.png (PNG copy)> <./501S000
to005R.png (PNG copy)>] [7 <./000to005Rdots.png (PNG copy)> <./000to005RFreq.pn
g (PNG copy)>]
<E005to000R.png, id=79, 642.4pt x 481.8pt>
File: E005to000R.png Graphic file (type png)
 <use E005to000R.png>
<M005to000R.png, id=80, 642.4pt x 481.8pt>
File: M005to000R.png Graphic file (type png)
 <use M005to000R.png>
<001S005to000R.png, id=81, 361.35pt x 361.35pt>
File: 001S005to000R.png Graphic file (type png)
 <use 001S005to000R.png>
<044S005to000R.png, id=82, 361.35pt x 361.35pt>
File: 044S005to000R.png Graphic file (type png)
 <use 044S005to000R.png>
<046S005to000R.png, id=83, 361.35pt x 361.35pt>
File: 046S005to000R.png Graphic file (type png)
 <use 046S005to000R.png>
<243S005to000R.png, id=84, 361.35pt x 361.35pt>
File: 243S005to000R.png Graphic file (type png)
 <use 243S005to000R.png>
<245S005to000R.png, id=85, 361.35pt x 361.35pt>
File: 245S005to000R.png Graphic file (type png)
 <use 245S005to000R.png>
<246S005to000R.png, id=86, 361.35pt x 361.35pt>
File: 246S005to000R.png Graphic file (type png)
 <use 246S005to000R.png>
<501S005to000R.png, id=87, 361.35pt x 361.35pt>
File: 501S005to000R.png Graphic file (type png)
 <use 501S005to000R.png>
<005to000Rdots.png, id=88, 642.4pt x 481.8pt>
File: 005to000Rdots.png Graphic file (type png)
 <use 005to000Rdots.png>
<005to000RFreq.png, id=89, 642.4pt x 481.8pt>
File: 005to000RFreq.png Graphic file (type png)
 <use 005to000RFreq.png>

LaTeX Warning: Float too large for page by 22.26668pt on input line 235.

[8 <./E005to000R.png (PNG copy)> <./M005to000R.png (PNG copy)> <./001S005to000R
.png (PNG copy)> <./044S005to000R.png (PNG copy)> <./046S005to000R.png (PNG cop
y)> <./243S005to000R.png (PNG copy)> <./245S005to000R.png (PNG copy)> <./246S00
5to000R.png (PNG copy)> <./501S005to000R.png (PNG copy)>] [9 <./005to000Rdots.p
ng (PNG copy)> <./005to000RFreq.png (PNG copy)>] (./5may16(100).aux) ) 
Here is how much of TeX's memory you used:
 3478 strings out of 495061
 48214 string characters out of 1182621
 222385 words of memory out of 3000000
 6610 multiletter control sequences out of 15000+50000
 7588 words of font info for 27 fonts, out of 3000000 for 9000
 28 hyphenation exceptions out of 8191
 26i,8n,40p,788b,273s stack positions out of 5000i,500n,10000p,200000b,50000s
</usr/sha
re/texmf-texlive/fonts/type1/public/amsfonts/cm/cmbx12.pfb></usr/share/texmf-te
xlive/fonts/type1/public/amsfonts/cm/cmmi10.pfb></usr/share/texmf-texlive/fonts
/type1/public/amsfonts/cm/cmmi12.pfb></usr/share/texmf-texlive/fonts/type1/publ
ic/amsfonts/cm/cmr10.pfb></usr/share/texmf-texlive/fonts/type1/public/amsfonts/
cm/cmr12.pfb></usr/share/texmf-texlive/fonts/type1/public/amsfonts/cm/cmr17.pfb
></usr/share/texmf-texlive/fonts/type1/public/amsfonts/cm/cmsy10.pfb></usr/shar
e/texmf-texlive/fonts/type1/public/amsfonts/cm/cmsy7.pfb></usr/share/texmf-texl
ive/fonts/type1/public/amsfonts/cm/cmsy8.pfb>
Output written on 5may16(100).pdf (9 pages, 530491 bytes).
PDF statistics:
 129 PDF objects out of 1000 (max. 8388607)
 0 named destinations out of 1000 (max. 500000)
 226 words of extra memory for PDF output out of 10000 (max. 10000000)

